2016-03-25 14:05:09 INFO  SeleniumWebdriverProj:178 - Start HIHAF
2016-03-25 14:05:09 INFO  SeleniumWebdriverProj:4448 - File HHAF_Framework_2.31.1.jar
2016-03-25 14:05:09 INFO  SeleniumWebdriverProj:4467 - HIHAF: \n
2016-03-25 14:05:09 INFO  SeleniumWebdriverProj:4469 - Title: HIHAF
2016-03-25 14:05:09 INFO  SeleniumWebdriverProj:4469 - Version: 2.31.1
2016-03-25 14:05:09 INFO  SeleniumWebdriverProj:182 - Start Read Util File Method
2016-03-25 14:05:09 INFO  SeleniumWebdriverProj:338 - Project Name :Firebase
2016-03-25 14:05:09 INFO  SeleniumWebdriverProj:344 - Platform: LINUX
2016-03-25 14:05:09 INFO  SeleniumWebdriverProj:345 - In MAC machine
2016-03-25 14:05:09 INFO  SeleniumWebdriverProj:351 - User Dir Path: /root/Firebase/Standalone
2016-03-25 14:05:09 INFO  SeleniumWebdriverProj:354 - Config Framework File Path Location: /root/Firebase/Standalone/config/Firebase/Config_Framework.xls
2016-03-25 14:05:09 INFO  SeleniumWebdriverProj:391 - Config File:/root/Firebase/Standalone/config/Firebase/Config_Framework.xls
2016-03-25 14:05:09 INFO  SeleniumWebdriverProj:393 - FileInputStream
2016-03-25 14:05:09 INFO  SeleniumWebdriverProj:438 - The Test Suite is /root/Firebase/Standalone/CoreFrame/Firebase/TestSuite.xls
2016-03-25 14:05:09 INFO  SeleniumWebdriverProj:439 - The Test Script is /root/Firebase/Standalone/CoreFrame/Firebase/TestScripts/
2016-03-25 14:05:09 INFO  SeleniumWebdriverProj:440 - The Object Repository is /root/Firebase/Standalone/CoreFrame/Firebase/ObjectRepository.xls
2016-03-25 14:05:09 INFO  SeleniumWebdriverProj:441 - The Report Path is /root/Firebase/Standalone/CoreFrame/Firebase/TestReports/
2016-03-25 14:05:09 INFO  SeleniumWebdriverProj:442 - The Browser type is FF
2016-03-25 14:05:09 INFO  SeleniumWebdriverProj:193 - Skip Jacob DLL
2016-03-25 14:05:09 INFO  SeleniumWebdriverProj:204 - End Read Util File Method
2016-03-25 14:05:09 INFO  SeleniumWebdriverProj:48 - Launching firefox.
2016-03-25 14:05:17 INFO  SeleniumWebdriverProj:87 - 44.0
2016-03-25 14:05:17 INFO  SeleniumWebdriverProj:260 - Start of the Executing Test Script
2016-03-25 14:05:17 INFO  SeleniumWebdriverProj:492 - In find executeTestscript
2016-03-25 14:05:17 INFO  SeleniumWebdriverProj:502 - 8
2016-03-25 14:05:17 INFO  SeleniumWebdriverProj:523 - Time Start:2016-03-25 14:05:17
2016-03-25 14:05:17 INFO  SeleniumWebdriverProj:579 - Start of the Test Script Name: Login.xls
2016-03-25 14:05:17 INFO  SeleniumWebdriverProj:591 - Start Time: Fri Mar 25 14:05:17 IST 2016

2016-03-25 14:05:17 INFO  SeleniumWebdriverProj:594 - /root/Firebase/Standalone/CoreFrame/Firebase/TestScripts/Login.xls
2016-03-25 14:05:17 INFO  SeleniumWebdriverProj:989 - Details Report File Name: /root/Firebase/Standalone/CoreFrame/Firebase/TestReports/FF//Log/Login/2016-03-25-14-05-17.html
2016-03-25 14:05:18 INFO  SeleniumWebdriverProj:1081 - The CCellData or objectdetails: Testdata.xls
2016-03-25 14:05:18 INFO  SeleniumWebdriverProj:98 - In Case Importdata
2016-03-25 14:05:18 INFO  SeleniumWebdriverProj:100 - /root/Firebase/Standalone
2016-03-25 14:05:18 INFO  SeleniumWebdriverProj:132 - The Testdata Excel is: /root/Firebase/Standalone/TestData/Firebase/Testdata.xls
2016-03-25 14:05:18 ERROR SeleniumWebdriverProj:155 - Error occured while importing data file: /root/Firebase/Standalone/TestData/Firebase/Testdata.xls (No such file or directory)
2016-03-25 14:05:18 INFO  SeleniumWebdriverProj:1246 - Screenshot File Name: /root/firebase/standalone/coreframe/firebase/testreports/screenshot_report/ff/Login/Login_1_rowno_3_20160325-14-05-18.png
2016-03-25 14:05:18 INFO  SeleniumWebdriverProj:4206 - Original Screenshot File '/Login_1_rowno_3_20160325-14-05-18.png' Deleted.
2016-03-25 14:05:18 INFO  SeleniumWebdriverProj:2153 - The STEP FAILED
2016-03-25 14:05:18 INFO  SeleniumWebdriverProj:1081 - The CCellData or objectdetails: URL:dt_URL
2016-03-25 14:05:18 INFO  SeleniumWebdriverProj:173 - In Case LaunchApplication
2016-03-25 14:05:18 INFO  SeleniumWebdriverProj:1246 - Screenshot File Name: /root/firebase/standalone/coreframe/firebase/testreports/screenshot_report/ff/Login/Login_2_rowno_4_20160325-14-05-18.png
2016-03-25 14:05:18 ERROR SeleniumWebdriverProj:882 - Error In Find Execute Test Script : null
2016-03-25 14:05:18 INFO  SeleniumWebdriverProj:264 - End of the Executing Test Script
2016-03-25 14:05:18 INFO  SeleniumWebdriverProj:277 - Test Completed.
2016-03-25 14:05:18 INFO  SeleniumWebdriverProj:283 - Deleting all downloaded file from  Download Folder
2016-03-25 14:05:18 INFO  SeleniumWebdriverProj:293 - /root/Firebase/Standalone/CoreFrame/Firebase/TestReports/FF//Log/Test_Suite_2016-03-25-14-05-17.html
2016-03-25 14:05:18 INFO  SeleniumWebdriverProj:63 - testKeywordDrivenFramework(SeleniumWebdriverProj.SeleniumWebdriverProj): The BROWSE action is not supported on the current platform!
2016-03-25 14:05:18 INFO  SeleniumWebdriverProj:81 - Currently Switched off for sending email. if you want Email,Please switch ON EmailSendOpt in Config file...
2016-03-25 14:05:18 INFO  SeleniumWebdriverProj:84 - false
